  C:freeglut.dll
  C:glew32.dll
  C:glew32s.dll
  3 File(s) copied
  C:glfw3.dll
  C:glfw3dll.dll
  C:glfw3_mt.dll
  3 File(s) copied
  C:SOIL.dll
  1 File(s) copied
  desene.cpp
C:\Users\laure\Desktop\App ozn\App ozn\desene.cpp(6,31): warning C4305: 'argument': truncation from 'double' to 'GLfloat'
C:\Users\laure\Desktop\App ozn\App ozn\desene.cpp(68,31): warning C4305: 'argument': truncation from 'double' to 'GLfloat'
C:\Users\laure\Desktop\App ozn\App ozn\desene.cpp(675,31): warning C4305: 'argument': truncation from 'double' to 'GLfloat'
C:\Users\laure\Desktop\App ozn\App ozn\desene.cpp(746,31): warning C4305: 'argument': truncation from 'double' to 'GLfloat'
C:\Users\laure\Desktop\App ozn\App ozn\desene.cpp(852,28): warning C4305: 'argument': truncation from 'double' to 'GLfloat'
C:\Users\laure\Desktop\App ozn\App ozn\desene.cpp(888,60): warning C4244: 'argument': conversion from 'double' to 'GLfloat', possible loss of data
C:\Users\laure\Desktop\App ozn\App ozn\desene.cpp(888,43): warning C4244: 'argument': conversion from 'double' to 'GLfloat', possible loss of data
C:\Users\laure\Desktop\App ozn\App ozn\desene.cpp(888,26): warning C4244: 'argument': conversion from 'double' to 'GLfloat', possible loss of data
C:\Users\laure\Desktop\App ozn\App ozn\desene.cpp(920,31): warning C4305: 'argument': truncation from 'double' to 'GLfloat'
C:\Users\laure\Desktop\App ozn\App ozn\desene.cpp(963,31): warning C4305: 'argument': truncation from 'double' to 'GLfloat'
C:\Users\laure\Desktop\App ozn\App ozn\desene.cpp(1112,31): warning C4305: 'argument': truncation from 'double' to 'GLfloat'
C:\Users\laure\Desktop\App ozn\App ozn\desene.cpp(1384,45): warning C4244: 'argument': conversion from 'double' to 'GLfloat', possible loss of data
C:\Users\laure\Desktop\App ozn\App ozn\desene.cpp(1384,33): warning C4244: 'argument': conversion from 'double' to 'GLfloat', possible loss of data
C:\Users\laure\Desktop\App ozn\App ozn\desene.cpp(1384,21): warning C4244: 'argument': conversion from 'double' to 'GLfloat', possible loss of data
C:\Users\laure\Desktop\App ozn\App ozn\desene.cpp(1509,25): warning C4305: 'argument': truncation from 'double' to 'GLfloat'
C:\Users\laure\Desktop\App ozn\App ozn\desene.cpp(1564,31): warning C4305: 'argument': truncation from 'double' to 'GLfloat'
C:\Users\laure\Desktop\App ozn\App ozn\desene.cpp(1680,45): warning C4244: 'argument': conversion from 'double' to 'GLfloat', possible loss of data
C:\Users\laure\Desktop\App ozn\App ozn\desene.cpp(1680,33): warning C4244: 'argument': conversion from 'double' to 'GLfloat', possible loss of data
C:\Users\laure\Desktop\App ozn\App ozn\desene.cpp(1680,21): warning C4244: 'argument': conversion from 'double' to 'GLfloat', possible loss of data
C:\Users\laure\Desktop\App ozn\App ozn\desene.cpp(1796,45): warning C4244: 'argument': conversion from 'double' to 'GLfloat', possible loss of data
C:\Users\laure\Desktop\App ozn\App ozn\desene.cpp(1796,33): warning C4244: 'argument': conversion from 'double' to 'GLfloat', possible loss of data
C:\Users\laure\Desktop\App ozn\App ozn\desene.cpp(1796,21): warning C4244: 'argument': conversion from 'double' to 'GLfloat', possible loss of data
  glm.cpp
  main.cpp
C:\Users\laure\Desktop\App ozn\App ozn\main.cpp(18,37): warning C4305: 'argument': truncation from 'double' to 'GLclampf'
C:\Users\laure\Desktop\App ozn\App ozn\main.cpp(57,31): warning C4305: 'argument': truncation from 'double' to 'GLfloat'
C:\Users\laure\Desktop\App ozn\App ozn\main.cpp(153,1): warning C4326: return type of 'main' should be 'int' instead of 'void'
  imageloader.cpp
  loadShaders.cpp
  Generating Code...
  glad.c
  App ozn.vcxproj -> C:\Users\laure\Desktop\App ozn\Debug\Pirates_Game.exe
  0 File(s) copied
  0 File(s) copied
